{
  "RSpec": {
    "coverage": {
      "/Users/lgeorgatos/Desktop/kipirvin/spec/binary_spec.rb": [
        1,
        null,
        1,
        1,
        1,
        1,
        1,
        null,
        null,
        null,
        1,
        1,
        1,
        1,
        null,
        null,
        1,
        1,
        1,
        null,
        null,
        1,
        1,
        1,
        1,
        null,
        null,
        1,
        1,
        1,
        1,
        null,
        null,
        1,
        1,
        1,
        1,
        null,
        null,
        1,
        1,
        1,
        1,
        null,
        null,
        null,
        1,
        2,
        2,
        2,
        null,
        1,
        1,
        null,
        null,
        1,
        1,
        null,
        null,
        1,
        1,
        null,
        null,
        null
      ],
      "/Users/lgeorgatos/Desktop/kipirvin/lib/types/binary.rb": [
        1,
        1,
        1,
        null,
        1,
        27,
        27,
        27,
        27,
        null,
        null,
        1,
        7,
        28,
        null,
        null,
        null,
        1,
        null,
        4,
        4,
        1,
        null,
        null,
        1,
        null,
        1,
        27,
        1,
        4,
        null,
        null,
        1,
        null,
        72,
        28,
        7,
        null,
        null,
        1,
        27,
        15,
        null,
        null,
        1,
        27,
        null,
        14,
        null,
        3,
        null,
        4,
        null,
        2,
        null,
        1,
        null,
        3,
        3,
        null,
        null,
        null,
        null
      ],
      "/Users/lgeorgatos/Desktop/kipirvin/spec/decimal_spec.rb": [
        1,
        null,
        1,
        1,
        1,
        1,
        1,
        1,
        null,
        null,
        null
      ],
      "/Users/lgeorgatos/Desktop/kipirvin/lib/types/decimal.rb": [
        1,
        1,
        1,
        null,
        1,
        11,
        11,
        null,
        null,
        1,
        21,
        21,
        null,
        21,
        69,
        69,
        null,
        null,
        21,
        21,
        null,
        null,
        null
      ],
      "/Users/lgeorgatos/Desktop/kipirvin/spec/hex_spec.rb": [
        1,
        null,
        1,
        1,
        1,
        1,
        1,
        0,
        null,
        null,
        1,
        1,
        1,
        0,
        null,
        null,
        null
      ],
      "/Users/lgeorgatos/Desktop/kipirvin/lib/types/hex.rb": [
        1,
        1,
        1,
        null,
        1,
        2,
        2,
        null,
        null,
        1,
        10,
        0,
        0,
        null,
        null,
        1,
        2,
        2,
        100,
        10,
        null,
        2,
        null,
        null,
        null
      ]
    },
    "timestamp": 1415359504
  }
}
